[2024-11-14T06:33:38.400+0000] {local_task_job_runner.py:120} INFO - ::group::Pre task execution logs
[2024-11-14T06:33:38.435+0000] {taskinstance.py:2076} INFO - Dependencies all met for dep_context=non-requeueable deps ti=<TaskInstance: vantage_conn_to_snowflake.load manual__2024-11-14T06:33:28.144810+00:00 [queued]>
[2024-11-14T06:33:38.448+0000] {taskinstance.py:2076} INFO - Dependencies all met for dep_context=requeueable deps ti=<TaskInstance: vantage_conn_to_snowflake.load manual__2024-11-14T06:33:28.144810+00:00 [queued]>
[2024-11-14T06:33:38.449+0000] {taskinstance.py:2306} INFO - Starting attempt 1 of 1
[2024-11-14T06:33:38.465+0000] {taskinstance.py:2330} INFO - Executing <Task(_PythonDecoratedOperator): load> on 2024-11-14 06:33:28.144810+00:00
[2024-11-14T06:33:38.475+0000] {standard_task_runner.py:90} INFO - Running: ['***', 'tasks', 'run', 'vantage_conn_to_snowflake', 'load', 'manual__2024-11-14T06:33:28.144810+00:00', '--job-id', '13', '--raw', '--subdir', 'DAGS_FOLDER/vantage_conn.py', '--cfg-path', '/tmp/tmpj3np1r6z']
[2024-11-14T06:33:38.479+0000] {standard_task_runner.py:91} INFO - Job 13: Subtask load
[2024-11-14T06:33:38.480+0000] {logging_mixin.py:188} WARNING - /home/***/.local/lib/python3.12/site-packages/***/task/task_runner/standard_task_runner.py:61 DeprecationWarning: This process (pid=3363) is multi-threaded, use of fork() may lead to deadlocks in the child.
[2024-11-14T06:33:38.481+0000] {standard_task_runner.py:63} INFO - Started process 3366 to run task
[2024-11-14T06:33:38.538+0000] {task_command.py:426} INFO - Running <TaskInstance: vantage_conn_to_snowflake.load manual__2024-11-14T06:33:28.144810+00:00 [running]> on host 88ad25095ce5
[2024-11-14T06:33:38.744+0000] {taskinstance.py:2648} INFO - Exporting env vars: AIRFLOW_CTX_DAG_OWNER='***' AIRFLOW_CTX_DAG_ID='vantage_conn_to_snowflake' AIRFLOW_CTX_TASK_ID='load' AIRFLOW_CTX_EXECUTION_DATE='2024-11-14T06:33:28.144810+00:00' AIRFLOW_CTX_TRY_NUMBER='1' AIRFLOW_CTX_DAG_RUN_ID='manual__2024-11-14T06:33:28.144810+00:00'
[2024-11-14T06:33:38.746+0000] {taskinstance.py:430} INFO - ::endgroup::
[2024-11-14T06:33:38.890+0000] {cursor.py:1149} INFO - Number of results in first chunk: 1
[2024-11-14T06:33:38.972+0000] {cursor.py:1149} INFO - Number of results in first chunk: 1
[2024-11-14T06:33:39.045+0000] {cursor.py:1149} INFO - Number of results in first chunk: 1
[2024-11-14T06:33:39.140+0000] {cursor.py:1149} INFO - Number of results in first chunk: 1
[2024-11-14T06:33:39.224+0000] {cursor.py:1149} INFO - Number of results in first chunk: 1
[2024-11-14T06:33:39.472+0000] {cursor.py:1149} INFO - Number of results in first chunk: 1
[2024-11-14T06:34:24.759+0000] {cursor.py:1149} INFO - Number of results in first chunk: 1
[2024-11-14T06:34:24.760+0000] {python.py:237} INFO - Done. Returned value was: None
[2024-11-14T06:34:24.762+0000] {taskinstance.py:441} INFO - ::group::Post task execution logs
[2024-11-14T06:34:24.774+0000] {taskinstance.py:1206} INFO - Marking task as SUCCESS. dag_id=vantage_conn_to_snowflake, task_id=load, run_id=manual__2024-11-14T06:33:28.144810+00:00, execution_date=20241114T063328, start_date=20241114T063338, end_date=20241114T063424
[2024-11-14T06:34:24.827+0000] {local_task_job_runner.py:240} INFO - Task exited with return code 0
[2024-11-14T06:34:24.842+0000] {taskinstance.py:3498} INFO - 0 downstream tasks scheduled from follow-on schedule check
[2024-11-14T06:34:24.844+0000] {local_task_job_runner.py:222} INFO - ::endgroup::
