[2024-11-14T22:03:56.831+0000] {local_task_job_runner.py:120} INFO - ::group::Pre task execution logs
[2024-11-14T22:03:56.854+0000] {taskinstance.py:2076} INFO - Dependencies all met for dep_context=non-requeueable deps ti=<TaskInstance: build_elt_dbt.run_dbt_job scheduled__2024-11-13T00:20:00+00:00 [queued]>
[2024-11-14T22:03:56.865+0000] {taskinstance.py:2076} INFO - Dependencies all met for dep_context=requeueable deps ti=<TaskInstance: build_elt_dbt.run_dbt_job scheduled__2024-11-13T00:20:00+00:00 [queued]>
[2024-11-14T22:03:56.866+0000] {taskinstance.py:2306} INFO - Starting attempt 1 of 1
[2024-11-14T22:03:56.885+0000] {taskinstance.py:2330} INFO - Executing <Task(DbtCloudRunJobOperator): run_dbt_job> on 2024-11-13 00:20:00+00:00
[2024-11-14T22:03:56.892+0000] {standard_task_runner.py:90} INFO - Running: ['***', 'tasks', 'run', 'build_elt_dbt', 'run_dbt_job', 'scheduled__2024-11-13T00:20:00+00:00', '--job-id', '56', '--raw', '--subdir', 'DAGS_FOLDER/build_elt_with_dbt.py', '--cfg-path', '/tmp/tmpc5k8287o']
[2024-11-14T22:03:56.896+0000] {standard_task_runner.py:91} INFO - Job 56: Subtask run_dbt_job
[2024-11-14T22:03:56.896+0000] {logging_mixin.py:188} WARNING - /home/***/.local/lib/python3.12/site-packages/***/task/task_runner/standard_task_runner.py:61 DeprecationWarning: This process (pid=2121) is multi-threaded, use of fork() may lead to deadlocks in the child.
[2024-11-14T22:03:56.897+0000] {standard_task_runner.py:63} INFO - Started process 2122 to run task
[2024-11-14T22:03:56.947+0000] {task_command.py:426} INFO - Running <TaskInstance: build_elt_dbt.run_dbt_job scheduled__2024-11-13T00:20:00+00:00 [running]> on host 88ad25095ce5
[2024-11-14T22:03:57.032+0000] {taskinstance.py:2648} INFO - Exporting env vars: AIRFLOW_CTX_DAG_OWNER='***' AIRFLOW_CTX_DAG_ID='build_elt_dbt' AIRFLOW_CTX_TASK_ID='run_dbt_job' AIRFLOW_CTX_EXECUTION_DATE='2024-11-13T00:20:00+00:00' AIRFLOW_CTX_TRY_NUMBER='1' AIRFLOW_CTX_DAG_RUN_ID='scheduled__2024-11-13T00:20:00+00:00'
[2024-11-14T22:03:57.033+0000] {taskinstance.py:430} INFO - ::endgroup::
[2024-11-14T22:03:57.054+0000] {base.py:84} INFO - Using connection ID 'dbt_cloud' for task execution.
[2024-11-14T22:03:57.549+0000] {dbt.py:171} INFO - Waiting for job run 70471824316812 to terminate.
[2024-11-14T22:03:57.551+0000] {dbt.py:558} INFO - Getting the status of job run 70471824316812.
[2024-11-14T22:03:57.921+0000] {dbt.py:563} INFO - Current status of job run 70471824316812: STARTING
[2024-11-14T22:04:07.925+0000] {dbt.py:558} INFO - Getting the status of job run 70471824316812.
[2024-11-14T22:04:08.308+0000] {dbt.py:563} INFO - Current status of job run 70471824316812: RUNNING
[2024-11-14T22:04:18.844+0000] {dbt.py:558} INFO - Getting the status of job run 70471824316812.
[2024-11-14T22:04:19.908+0000] {dbt.py:563} INFO - Current status of job run 70471824316812: RUNNING
[2024-11-14T22:04:29.911+0000] {dbt.py:558} INFO - Getting the status of job run 70471824316812.
[2024-11-14T22:04:30.315+0000] {dbt.py:563} INFO - Current status of job run 70471824316812: RUNNING
[2024-11-14T22:04:40.316+0000] {dbt.py:558} INFO - Getting the status of job run 70471824316812.
[2024-11-14T22:04:40.688+0000] {dbt.py:563} INFO - Current status of job run 70471824316812: SUCCESS
[2024-11-14T22:04:40.690+0000] {dbt.py:180} INFO - Job run 70471824316812 has completed successfully.
[2024-11-14T22:04:40.691+0000] {taskinstance.py:441} INFO - ::group::Post task execution logs
[2024-11-14T22:04:40.710+0000] {taskinstance.py:1206} INFO - Marking task as SUCCESS. dag_id=build_elt_dbt, task_id=run_dbt_job, run_id=scheduled__2024-11-13T00:20:00+00:00, execution_date=20241113T002000, start_date=20241114T220356, end_date=20241114T220440
[2024-11-14T22:04:40.729+0000] {local_task_job_runner.py:240} INFO - Task exited with return code 0
[2024-11-14T22:04:40.742+0000] {taskinstance.py:3498} INFO - 0 downstream tasks scheduled from follow-on schedule check
[2024-11-14T22:04:40.744+0000] {local_task_job_runner.py:222} INFO - ::endgroup::
