[2024-11-14T22:00:59.778+0000] {local_task_job_runner.py:120} INFO - ::group::Pre task execution logs
[2024-11-14T22:00:59.808+0000] {taskinstance.py:2076} INFO - Dependencies all met for dep_context=non-requeueable deps ti=<TaskInstance: build_elt_dbt.dbt_cloud manual__2024-11-14T22:00:59.068238+00:00 [queued]>
[2024-11-14T22:00:59.833+0000] {taskinstance.py:2076} INFO - Dependencies all met for dep_context=requeueable deps ti=<TaskInstance: build_elt_dbt.dbt_cloud manual__2024-11-14T22:00:59.068238+00:00 [queued]>
[2024-11-14T22:00:59.834+0000] {taskinstance.py:2306} INFO - Starting attempt 1 of 1
[2024-11-14T22:00:59.859+0000] {taskinstance.py:2330} INFO - Executing <Task(DbtCloudRunJobOperator): dbt_cloud> on 2024-11-14 22:00:59.068238+00:00
[2024-11-14T22:00:59.868+0000] {standard_task_runner.py:90} INFO - Running: ['***', 'tasks', 'run', 'build_elt_dbt', 'dbt_cloud', 'manual__2024-11-14T22:00:59.068238+00:00', '--job-id', '54', '--raw', '--subdir', 'DAGS_FOLDER/build_elt_with_dbt.py', '--cfg-path', '/tmp/tmpfwdev8j5']
[2024-11-14T22:00:59.872+0000] {standard_task_runner.py:91} INFO - Job 54: Subtask dbt_cloud
[2024-11-14T22:00:59.873+0000] {logging_mixin.py:188} WARNING - /home/***/.local/lib/python3.12/site-packages/***/task/task_runner/standard_task_runner.py:61 DeprecationWarning: This process (pid=2014) is multi-threaded, use of fork() may lead to deadlocks in the child.
[2024-11-14T22:00:59.875+0000] {standard_task_runner.py:63} INFO - Started process 2015 to run task
[2024-11-14T22:00:59.940+0000] {task_command.py:426} INFO - Running <TaskInstance: build_elt_dbt.dbt_cloud manual__2024-11-14T22:00:59.068238+00:00 [running]> on host 88ad25095ce5
[2024-11-14T22:01:00.053+0000] {taskinstance.py:2648} INFO - Exporting env vars: AIRFLOW_CTX_DAG_OWNER='***' AIRFLOW_CTX_DAG_ID='build_elt_dbt' AIRFLOW_CTX_TASK_ID='dbt_cloud' AIRFLOW_CTX_EXECUTION_DATE='2024-11-14T22:00:59.068238+00:00' AIRFLOW_CTX_TRY_NUMBER='1' AIRFLOW_CTX_DAG_RUN_ID='manual__2024-11-14T22:00:59.068238+00:00'
[2024-11-14T22:01:00.055+0000] {taskinstance.py:430} INFO - ::endgroup::
[2024-11-14T22:01:00.082+0000] {base.py:84} INFO - Using connection ID 'dbt_cloud' for task execution.
[2024-11-14T22:01:00.771+0000] {dbt.py:171} INFO - Waiting for job run 70471824316724 to terminate.
[2024-11-14T22:01:00.771+0000] {dbt.py:558} INFO - Getting the status of job run 70471824316724.
[2024-11-14T22:01:01.140+0000] {dbt.py:563} INFO - Current status of job run 70471824316724: STARTING
[2024-11-14T22:01:12.404+0000] {dbt.py:558} INFO - Getting the status of job run 70471824316724.
[2024-11-14T22:01:12.914+0000] {dbt.py:563} INFO - Current status of job run 70471824316724: RUNNING
[2024-11-14T22:01:22.916+0000] {dbt.py:558} INFO - Getting the status of job run 70471824316724.
[2024-11-14T22:01:23.389+0000] {dbt.py:563} INFO - Current status of job run 70471824316724: RUNNING
[2024-11-14T22:01:33.391+0000] {dbt.py:558} INFO - Getting the status of job run 70471824316724.
[2024-11-14T22:01:33.782+0000] {dbt.py:563} INFO - Current status of job run 70471824316724: RUNNING
[2024-11-14T22:01:45.007+0000] {dbt.py:558} INFO - Getting the status of job run 70471824316724.
[2024-11-14T22:01:45.416+0000] {dbt.py:563} INFO - Current status of job run 70471824316724: SUCCESS
[2024-11-14T22:01:45.418+0000] {dbt.py:180} INFO - Job run 70471824316724 has completed successfully.
[2024-11-14T22:01:45.420+0000] {taskinstance.py:441} INFO - ::group::Post task execution logs
[2024-11-14T22:01:45.442+0000] {taskinstance.py:1206} INFO - Marking task as SUCCESS. dag_id=build_elt_dbt, task_id=dbt_cloud, run_id=manual__2024-11-14T22:00:59.068238+00:00, execution_date=20241114T220059, start_date=20241114T220059, end_date=20241114T220145
[2024-11-14T22:01:45.470+0000] {local_task_job_runner.py:240} INFO - Task exited with return code 0
[2024-11-14T22:01:45.497+0000] {taskinstance.py:3498} INFO - 0 downstream tasks scheduled from follow-on schedule check
[2024-11-14T22:01:45.500+0000] {local_task_job_runner.py:222} INFO - ::endgroup::
