[2024-11-14T22:02:17.335+0000] {local_task_job_runner.py:120} INFO - ::group::Pre task execution logs
[2024-11-14T22:02:17.361+0000] {taskinstance.py:2076} INFO - Dependencies all met for dep_context=non-requeueable deps ti=<TaskInstance: build_elt_dbt.run_dbt_job manual__2024-11-14T22:02:16.169328+00:00 [queued]>
[2024-11-14T22:02:17.375+0000] {taskinstance.py:2076} INFO - Dependencies all met for dep_context=requeueable deps ti=<TaskInstance: build_elt_dbt.run_dbt_job manual__2024-11-14T22:02:16.169328+00:00 [queued]>
[2024-11-14T22:02:17.376+0000] {taskinstance.py:2306} INFO - Starting attempt 1 of 1
[2024-11-14T22:02:17.398+0000] {taskinstance.py:2330} INFO - Executing <Task(DbtCloudRunJobOperator): run_dbt_job> on 2024-11-14 22:02:16.169328+00:00
[2024-11-14T22:02:17.407+0000] {standard_task_runner.py:90} INFO - Running: ['***', 'tasks', 'run', 'build_elt_dbt', 'run_dbt_job', 'manual__2024-11-14T22:02:16.169328+00:00', '--job-id', '55', '--raw', '--subdir', 'DAGS_FOLDER/build_elt_with_dbt.py', '--cfg-path', '/tmp/tmpnijua7jf']
[2024-11-14T22:02:17.411+0000] {standard_task_runner.py:91} INFO - Job 55: Subtask run_dbt_job
[2024-11-14T22:02:17.412+0000] {logging_mixin.py:188} WARNING - /home/***/.local/lib/python3.12/site-packages/***/task/task_runner/standard_task_runner.py:61 DeprecationWarning: This process (pid=2060) is multi-threaded, use of fork() may lead to deadlocks in the child.
[2024-11-14T22:02:17.413+0000] {standard_task_runner.py:63} INFO - Started process 2061 to run task
[2024-11-14T22:02:17.474+0000] {task_command.py:426} INFO - Running <TaskInstance: build_elt_dbt.run_dbt_job manual__2024-11-14T22:02:16.169328+00:00 [running]> on host 88ad25095ce5
[2024-11-14T22:02:17.602+0000] {taskinstance.py:2648} INFO - Exporting env vars: AIRFLOW_CTX_DAG_OWNER='***' AIRFLOW_CTX_DAG_ID='build_elt_dbt' AIRFLOW_CTX_TASK_ID='run_dbt_job' AIRFLOW_CTX_EXECUTION_DATE='2024-11-14T22:02:16.169328+00:00' AIRFLOW_CTX_TRY_NUMBER='1' AIRFLOW_CTX_DAG_RUN_ID='manual__2024-11-14T22:02:16.169328+00:00'
[2024-11-14T22:02:17.604+0000] {taskinstance.py:430} INFO - ::endgroup::
[2024-11-14T22:02:17.642+0000] {base.py:84} INFO - Using connection ID 'dbt_cloud' for task execution.
[2024-11-14T22:02:18.159+0000] {dbt.py:171} INFO - Waiting for job run 70471824316764 to terminate.
[2024-11-14T22:02:18.160+0000] {dbt.py:558} INFO - Getting the status of job run 70471824316764.
[2024-11-14T22:02:18.531+0000] {dbt.py:563} INFO - Current status of job run 70471824316764: STARTING
[2024-11-14T22:02:28.533+0000] {dbt.py:558} INFO - Getting the status of job run 70471824316764.
[2024-11-14T22:02:28.987+0000] {dbt.py:563} INFO - Current status of job run 70471824316764: RUNNING
[2024-11-14T22:02:38.992+0000] {dbt.py:558} INFO - Getting the status of job run 70471824316764.
[2024-11-14T22:02:39.423+0000] {dbt.py:563} INFO - Current status of job run 70471824316764: RUNNING
[2024-11-14T22:02:50.656+0000] {dbt.py:558} INFO - Getting the status of job run 70471824316764.
[2024-11-14T22:02:51.160+0000] {dbt.py:563} INFO - Current status of job run 70471824316764: SUCCESS
[2024-11-14T22:02:51.163+0000] {dbt.py:180} INFO - Job run 70471824316764 has completed successfully.
[2024-11-14T22:02:51.166+0000] {taskinstance.py:441} INFO - ::group::Post task execution logs
[2024-11-14T22:02:51.191+0000] {taskinstance.py:1206} INFO - Marking task as SUCCESS. dag_id=build_elt_dbt, task_id=run_dbt_job, run_id=manual__2024-11-14T22:02:16.169328+00:00, execution_date=20241114T220216, start_date=20241114T220217, end_date=20241114T220251
[2024-11-14T22:02:51.236+0000] {local_task_job_runner.py:240} INFO - Task exited with return code 0
[2024-11-14T22:02:51.256+0000] {taskinstance.py:3498} INFO - 0 downstream tasks scheduled from follow-on schedule check
[2024-11-14T22:02:51.258+0000] {local_task_job_runner.py:222} INFO - ::endgroup::
