[2024-11-14T05:02:48.924+0000] {local_task_job_runner.py:120} INFO - ::group::Pre task execution logs
[2024-11-14T05:02:48.954+0000] {taskinstance.py:2076} INFO - Dependencies all met for dep_context=non-requeueable deps ti=<TaskInstance: vantage_conn_to_snowflake.load manual__2024-11-14T05:02:40.509920+00:00 [queued]>
[2024-11-14T05:02:48.962+0000] {taskinstance.py:2076} INFO - Dependencies all met for dep_context=requeueable deps ti=<TaskInstance: vantage_conn_to_snowflake.load manual__2024-11-14T05:02:40.509920+00:00 [queued]>
[2024-11-14T05:02:48.963+0000] {taskinstance.py:2306} INFO - Starting attempt 1 of 1
[2024-11-14T05:02:48.976+0000] {taskinstance.py:2330} INFO - Executing <Task(_PythonDecoratedOperator): load> on 2024-11-14 05:02:40.509920+00:00
[2024-11-14T05:02:48.986+0000] {standard_task_runner.py:90} INFO - Running: ['***', 'tasks', 'run', 'vantage_conn_to_snowflake', 'load', 'manual__2024-11-14T05:02:40.509920+00:00', '--job-id', '7', '--raw', '--subdir', 'DAGS_FOLDER/vantage_conn.py', '--cfg-path', '/tmp/tmpim1n3j3m']
[2024-11-14T05:02:48.988+0000] {standard_task_runner.py:91} INFO - Job 7: Subtask load
[2024-11-14T05:02:48.989+0000] {logging_mixin.py:188} WARNING - /home/***/.local/lib/python3.12/site-packages/***/task/task_runner/standard_task_runner.py:61 DeprecationWarning: This process (pid=517) is multi-threaded, use of fork() may lead to deadlocks in the child.
[2024-11-14T05:02:48.990+0000] {standard_task_runner.py:63} INFO - Started process 523 to run task
[2024-11-14T05:02:49.036+0000] {task_command.py:426} INFO - Running <TaskInstance: vantage_conn_to_snowflake.load manual__2024-11-14T05:02:40.509920+00:00 [running]> on host 88ad25095ce5
[2024-11-14T05:02:49.134+0000] {taskinstance.py:2648} INFO - Exporting env vars: AIRFLOW_CTX_DAG_OWNER='***' AIRFLOW_CTX_DAG_ID='vantage_conn_to_snowflake' AIRFLOW_CTX_TASK_ID='load' AIRFLOW_CTX_EXECUTION_DATE='2024-11-14T05:02:40.509920+00:00' AIRFLOW_CTX_TRY_NUMBER='1' AIRFLOW_CTX_DAG_RUN_ID='manual__2024-11-14T05:02:40.509920+00:00'
[2024-11-14T05:02:49.136+0000] {taskinstance.py:430} INFO - ::endgroup::
[2024-11-14T05:02:49.267+0000] {cursor.py:1149} INFO - Number of results in first chunk: 1
[2024-11-14T05:02:49.386+0000] {cursor.py:1149} INFO - Number of results in first chunk: 1
[2024-11-14T05:02:49.495+0000] {cursor.py:1149} INFO - Number of results in first chunk: 1
[2024-11-14T05:02:49.595+0000] {cursor.py:1149} INFO - Number of results in first chunk: 1
[2024-11-14T05:02:49.674+0000] {cursor.py:1149} INFO - Number of results in first chunk: 1
[2024-11-14T05:02:50.029+0000] {cursor.py:1149} INFO - Number of results in first chunk: 1
[2024-11-14T05:03:32.460+0000] {cursor.py:1149} INFO - Number of results in first chunk: 1
[2024-11-14T05:03:32.461+0000] {python.py:237} INFO - Done. Returned value was: None
[2024-11-14T05:03:32.462+0000] {taskinstance.py:441} INFO - ::group::Post task execution logs
[2024-11-14T05:03:32.471+0000] {taskinstance.py:1206} INFO - Marking task as SUCCESS. dag_id=vantage_conn_to_snowflake, task_id=load, run_id=manual__2024-11-14T05:02:40.509920+00:00, execution_date=20241114T050240, start_date=20241114T050248, end_date=20241114T050332
[2024-11-14T05:03:32.526+0000] {local_task_job_runner.py:240} INFO - Task exited with return code 0
[2024-11-14T05:03:32.545+0000] {taskinstance.py:3498} INFO - 0 downstream tasks scheduled from follow-on schedule check
[2024-11-14T05:03:32.547+0000] {local_task_job_runner.py:222} INFO - ::endgroup::
